<?xml version="1.0" encoding="UTF-8"?>
<!-- Generated by org.testng.reporters.JUnitReportReporter -->
<testsuite hostname="DESKTOP-OE9L8AE" failures="0" tests="1" name="Test_003Outside.Scrolling" time="16.639" errors="0" timestamp="2024-04-03T22:23:14 IST" skipped="0">
  <testcase classname="Test_003Outside.Scrolling" name="verify_001" time="16.639"/>
</testsuite> <!-- Test_003Outside.Scrolling -->
