<?xml version="1.0" encoding="UTF-8"?>
<!-- Generated by org.testng.reporters.JUnitReportReporter -->
<testsuite hostname="DESKTOP-OE9L8AE" failures="0" tests="3" name="com.Test.Test_001" time="0.117" errors="0" timestamp="2024-04-16T19:56:00 IST" skipped="0">
  <testcase classname="com.Test.Test_001" name="test_B" time="0.008"/>
  <testcase classname="com.Test.Test_001" name="test_C" time="0.009"/>
  <testcase classname="com.Test.Test_001" name="test_A" time="0.100"/>
</testsuite> <!-- com.Test.Test_001 -->
