<?xml version="1.0" encoding="UTF-8"?>
<!-- Generated by org.testng.reporters.JUnitReportReporter -->
<testsuite hostname="DESKTOP-OE9L8AE" failures="0" tests="6" name="Test_003Outside.Test_D" time="113.980" errors="0" timestamp="2024-04-04T14:12:40 IST" skipped="0">
  <testcase classname="Test_003Outside.Test_D" name="test1" time="17.429"/>
  <testcase classname="Test_003Outside.Test_D" name="test2" time="10.522"/>
  <testcase classname="Test_003Outside.Test_D" name="test3" time="24.808"/>
  <testcase classname="Test_003Outside.Test_D" name="test2" time="30.852"/>
  <testcase classname="Test_003Outside.Test_D" name="test1" time="21.768"/>
  <testcase classname="Test_003Outside.Test_D" name="test3" time="8.601"/>
</testsuite> <!-- Test_003Outside.Test_D -->
