<?xml version="1.0" encoding="UTF-8"?>
<!-- Generated by org.testng.reporters.JUnitReportReporter -->
<testsuite hostname="DESKTOP-OE9L8AE" failures="0" tests="6" name="Test_003.Test_D" time="64.056" errors="0" timestamp="2024-04-02T20:18:38 IST" skipped="0">
  <testcase classname="Test_003.Test_D" name="test1" time="6.972"/>
  <testcase classname="Test_003.Test_D" name="test3" time="4.202"/>
  <testcase classname="Test_003.Test_D" name="test2" time="3.863"/>
  <testcase classname="Test_003.Test_D" name="test2" time="15.169"/>
  <testcase classname="Test_003.Test_D" name="test3" time="18.047"/>
  <testcase classname="Test_003.Test_D" name="test1" time="15.803"/>
</testsuite> <!-- Test_003.Test_D -->
