<?xml version="1.0" encoding="UTF-8"?>
<!-- Generated by org.testng.reporters.JUnitReportReporter -->
<testsuite hostname="DESKTOP-OE9L8AE" failures="0" tests="1" name="com.Test.AutomationExercisePlacedOrder_001" time="176.992" errors="0" timestamp="2024-04-16T22:54:28 IST" skipped="0">
  <testcase classname="com.Test.AutomationExercisePlacedOrder_001" name="Verify_PlacedOrder" time="176.992"/>
</testsuite> <!-- com.Test.AutomationExercisePlacedOrder_001 -->
