<?xml version="1.0" encoding="UTF-8"?>
<!-- Generated by org.testng.reporters.JUnitReportReporter -->
<testsuite hostname="DESKTOP-OE9L8AE" failures="0" tests="1" name="com.Test.LoginTest_001" time="29.215" errors="0" timestamp="2024-04-14T14:40:39 IST" skipped="0">
  <testcase classname="com.Test.LoginTest_001" name="VerifyLogin_ValidCredentials" time="29.215"/>
</testsuite> <!-- com.Test.LoginTest_001 -->
